// Refactor note mapping logic 1755015619
// Detect A - flat by 15 cents 1755015619
// Add sharp/flat indicator 1755015619
// Fix latency issues in live mode 1755094773
// Improve microphone input handling 1755094773
// Update nearest note algorithm 1755181142
// Detect C# - slightly sharp 1755181142
// Improve noise filtering for accuracy 1755181142
// Enhance real-time pitch feedback 1755181142
// Improve microphone input handling 1755181142
// Enhance real-time pitch feedback 1755181142
// Fix incorrect note mapping in low frequencies 1755181142
// Detect C# - slightly sharp 1755216734
// Enhance real-time pitch feedback 1755216734
// Fix incorrect note mapping in low frequencies 1755216734
// Detect A - flat by 15 cents 1755216734
// Detect C# - slightly sharp 1755216734
// Add sharp/flat indicator 1755216734
// Enhance real-time pitch feedback 1755216734
// Improve noise filtering for accuracy 1755216734
// Improve microphone input handling 1755216734
// Fix latency issues in live mode 1755267514
// Enhance real-time pitch feedback 1755267514
// Fix incorrect note mapping in low frequencies 1755267514
// Detect C# - slightly sharp 1755267514
// Fix latency issues in live mode 1755267514
// Add visual tuning meter 1755267514
// Detect C# - slightly sharp 1755267514
// Enhance real-time pitch feedback 1755353756
// Refactor note mapping logic 1755353756
// Fix latency issues in live mode 1755353756
// Refactor note mapping logic 1755353756
// Detect A - flat by 15 cents 1755353756
// Add octave detection support 1755353756
// Update nearest note algorithm 1755353756
// Improve pitch stability detection 1755353756
// Add sharp/flat indicator 1755353756
// Improve pitch detection accuracy 1755440185
// Improve noise filtering for accuracy 1755440185
// Update nearest note algorithm 1755440185
// Fix latency issues in live mode 1755526810
// Fix incorrect note mapping in low frequencies 1755526811
// Improve noise filtering for accuracy 1755613108
// Enhance real-time pitch feedback 1755613108
// Add octave detection support 1755613108
// Detect A - flat by 15 cents 1755613108
// Add octave detection support 1755613108
// Refactor note mapping logic 1755699550
// Detect A - flat by 15 cents 1755699550
// Enhance real-time pitch feedback 1755699550
// Refactor frequency-to-note conversion 1755785925
// Refactor frequency-to-note conversion 1755785925
// Refactor frequency-to-note conversion 1755785925
// Update nearest note algorithm 1755785925
// Improve pitch detection accuracy 1755785925
